<?xml version="1.0" encoding="UTF-8"?>
<testsuite xmlns:xsi="http://www.w3.org/2001/XMLSchema-instance" xsi:noNamespaceSchemaLocation="https://maven.apache.org/surefire/maven-surefire-plugin/xsd/surefire-test-report.xsd" name="com.musala.drone.manager.Service.DroneServiceTest" time="24.579" tests="65" errors="0" skipped="0" failures="0">
  <properties>
[...]
</properties>
  <testcase name="checkValidDroneForMedicationTests{String, String, String, String, String, String, String, String}[1]" classname="com.musala.drone.manager.Service.DroneServiceTest$checkMedicationOnDroneTests" time="0.082"/>
  <testcase name="checkValidDroneForMedicationTests{String, String, String, String, String, String, String, String}[2]" classname="com.musala.drone.manager.Service.DroneServiceTest$checkMedicationOnDroneTests" time="0.022"/>
  <testcase name="checkInvalidDroneForMedication" classname="com.musala.drone.manager.Service.DroneServiceTest$checkMedicationOnDroneTests" time="0.019"/>
  <testcase name="loadInvalidMedicOnValidDroneTest{String, String, String, String}[1]" classname="com.musala.drone.manager.Service.DroneServiceTest$checkMedicationOnDroneTests" time="0.018"/>
  <testcase name="loadInvalidMedicOnValidDroneTest{String, String, String, String}[1]" classname="com.musala.drone.manager.Service.DroneServiceTest$loadDroneTests" time="0.029"/>
  <testcase name="loadValidMedicOnInvalidDroneTest{String, String, String, String}[1]" classname="com.musala.drone.manager.Service.DroneServiceTest$loadDroneTests" time="0.03"/>
  <testcase name="loadDroneWithInvalidId" classname="com.musala.drone.manager.Service.DroneServiceTest$loadDroneTests" time="0.019"/>
  <testcase name="loadDroneWithExistingMedicationTest{String, String, String, String, String, String, String, String}[1]" classname="com.musala.drone.manager.Service.DroneServiceTest$loadDroneTests" time="0.041"/>
  <testcase name="loadDroneWithExistingMedicationTest{String, String, String, String, String, String, String, String}[2]" classname="com.musala.drone.manager.Service.DroneServiceTest$loadDroneTests" time="0.045"/>
  <testcase name="loadInvalidDroneWithNewMedicationTest{String, String, String, String}[1]" classname="com.musala.drone.manager.Service.DroneServiceTest$loadDroneTests" time="0.061"/>
  <testcase name="loadInvalidDroneWithNewMedicationTest{String, String, String, String}[2]" classname="com.musala.drone.manager.Service.DroneServiceTest$loadDroneTests" time="0.03"/>
  <testcase name="loadDroneWithExistingHeavierMedicTest{String, String, String, String, String, String, String, String}[1]" classname="com.musala.drone.manager.Service.DroneServiceTest$loadDroneTests" time="0.042"/>
  <testcase name="loadDroneWithNewMedicationTwiceTest{String, String, String, String, String, String, String, String}[1]" classname="com.musala.drone.manager.Service.DroneServiceTest$loadDroneTests" time="0.072"/>
  <testcase name="loadDroneWithNewMedicationTwiceTest{String, String, String, String, String, String, String, String}[2]" classname="com.musala.drone.manager.Service.DroneServiceTest$loadDroneTests" time="0.053"/>
  <testcase name="loadDroneWithExistingMedicationTwiceTest{String, String, String, String, String, String, String, String}[1]" classname="com.musala.drone.manager.Service.DroneServiceTest$loadDroneTests" time="0.025"/>
  <testcase name="loadDroneWithNewMedicationTest{String, String, String, String, String, String, String, String}[1]" classname="com.musala.drone.manager.Service.DroneServiceTest$loadDroneTests" time="0.024"/>
  <testcase name="loadDroneWithNewMedicationTest{String, String, String, String, String, String, String, String}[2]" classname="com.musala.drone.manager.Service.DroneServiceTest$loadDroneTests" time="0.044"/>
  <testcase name="loadDroneWithNewHeavierMedicTest{String, String, String, String, String, String, String, String}[1]" classname="com.musala.drone.manager.Service.DroneServiceTest$loadDroneTests" time="0.031"/>
  <testcase name="loadDroneWithNewHeavierMedicTest{String, String, String, String, String, String, String, String}[2]" classname="com.musala.drone.manager.Service.DroneServiceTest$loadDroneTests" time="0.04"/>
  <testcase name="deleteUntiedDroneTests{String, String, String, String}[1]" classname="com.musala.drone.manager.Service.DroneServiceTest$deleteDroneTests" time="0.073"/>
  <testcase name="deleteUntiedDroneTests{String, String, String, String}[2]" classname="com.musala.drone.manager.Service.DroneServiceTest$deleteDroneTests" time="0.089"/>
  <testcase name="deleteUntiedDroneTests{String, String, String, String}[3]" classname="com.musala.drone.manager.Service.DroneServiceTest$deleteDroneTests" time="0.083"/>
  <testcase name="deleteUntiedDroneTests{String, String, String, String}[4]" classname="com.musala.drone.manager.Service.DroneServiceTest$deleteDroneTests" time="0.092"/>
  <testcase name="deleteNonExistingIdTests" classname="com.musala.drone.manager.Service.DroneServiceTest$deleteDroneTests" time="0.035"/>
  <testcase name="deleteTiedMedicationTests" classname="com.musala.drone.manager.Service.DroneServiceTest$deleteDroneTests" time="0.033"/>
  <testcase name="updateDroneStatusSerially{String, String, String, String}[1]" classname="com.musala.drone.manager.Service.DroneServiceTest$UpdateDroneTests" time="0.015"/>
  <testcase name="updateDroneStatusSerially{String, String, String, String}[2]" classname="com.musala.drone.manager.Service.DroneServiceTest$UpdateDroneTests" time="0.016"/>
  <testcase name="updateDroneTests{String, String, String, String, String, String, String, String}[1]" classname="com.musala.drone.manager.Service.DroneServiceTest$UpdateDroneTests" time="0.019"/>
  <testcase name="updateDroneTests{String, String, String, String, String, String, String, String}[2]" classname="com.musala.drone.manager.Service.DroneServiceTest$UpdateDroneTests" time="0.023"/>
  <testcase name="DroneWithInvalidModelsTests{String, String, String, String, String, String, String, String}[1]" classname="com.musala.drone.manager.Service.DroneServiceTest$UpdateDroneTests" time="0.027"/>
  <testcase name="DroneWithInvalidModelsTests{String, String, String, String, String, String, String, String}[2]" classname="com.musala.drone.manager.Service.DroneServiceTest$UpdateDroneTests" time="0.032"/>
  <testcase name="updateDroneStatusSeriallyAndRemoveDeliveredMedic{String, String, String, String, String, String, String, String}[1]" classname="com.musala.drone.manager.Service.DroneServiceTest$UpdateDroneTests" time="0.039"/>
  <testcase name="updateDroneStatusSeriallyAndRemoveDeliveredMedic{String, String, String, String, String, String, String, String}[2]" classname="com.musala.drone.manager.Service.DroneServiceTest$UpdateDroneTests" time="0.034"/>
  <testcase name="updateDroneWithInvalidWeightsTests{String, String, String, String, String, String, String, String}[1]" classname="com.musala.drone.manager.Service.DroneServiceTest$UpdateDroneTests" time="0.017"/>
  <testcase name="updateDroneWithInvalidWeightsTests{String, String, String, String, String, String, String, String}[2]" classname="com.musala.drone.manager.Service.DroneServiceTest$UpdateDroneTests" time="0.014"/>
  <testcase name="CreateDroneWithInvalidWeightsTests{String, String, String, String}[1]" classname="com.musala.drone.manager.Service.DroneServiceTest$droneCreationTests" time="0.009"/>
  <testcase name="CreateDroneWithInvalidWeightsTests{String, String, String, String}[2]" classname="com.musala.drone.manager.Service.DroneServiceTest$droneCreationTests" time="0.008"/>
  <testcase name="CreateDroneWithInvalidWeightsTests{String, String, String, String}[3]" classname="com.musala.drone.manager.Service.DroneServiceTest$droneCreationTests" time="0.008"/>
  <testcase name="CreateDroneWithInvalidWeightsTests{String, String, String, String}[4]" classname="com.musala.drone.manager.Service.DroneServiceTest$droneCreationTests" time="0.01"/>
  <testcase name="CreateDroneWithInvalidModelsTests{String, String, String, String}[1]" classname="com.musala.drone.manager.Service.DroneServiceTest$droneCreationTests" time="0.01"/>
  <testcase name="CreateDroneWithInvalidModelsTests{String, String, String, String}[2]" classname="com.musala.drone.manager.Service.DroneServiceTest$droneCreationTests" time="0.012"/>
  <testcase name="CreateDroneWithInvalidModelsTests{String, String, String, String}[3]" classname="com.musala.drone.manager.Service.DroneServiceTest$droneCreationTests" time="0.014"/>
  <testcase name="CreateDroneWithInvalidModelsTests{String, String, String, String}[4]" classname="com.musala.drone.manager.Service.DroneServiceTest$droneCreationTests" time="0.013"/>
  <testcase name="CreateDroneWithDuplicatSerialNumberTests{String, String, String, String}[1]" classname="com.musala.drone.manager.Service.DroneServiceTest$droneCreationTests" time="0.099"/>
  <testcase name="CreateDroneWithDuplicatSerialNumberTests{String, String, String, String}[2]" classname="com.musala.drone.manager.Service.DroneServiceTest$droneCreationTests" time="0.075"/>
  <testcase name="CreateDroneWithDuplicatSerialNumberTests{String, String, String, String}[3]" classname="com.musala.drone.manager.Service.DroneServiceTest$droneCreationTests" time="0.083"/>
  <testcase name="CreateDroneWithDuplicatSerialNumberTests{String, String, String, String}[4]" classname="com.musala.drone.manager.Service.DroneServiceTest$droneCreationTests" time="0.068"/>
  <testcase name="CreateDroneTests{String, String, String, String}[1]" classname="com.musala.drone.manager.Service.DroneServiceTest$droneCreationTests" time="0.006"/>
  <testcase name="CreateDroneTests{String, String, String, String}[2]" classname="com.musala.drone.manager.Service.DroneServiceTest$droneCreationTests" time="0.008"/>
  <testcase name="CreateDroneTests{String, String, String, String}[3]" classname="com.musala.drone.manager.Service.DroneServiceTest$droneCreationTests" time="0.01"/>
  <testcase name="CreateDroneTests{String, String, String, String}[4]" classname="com.musala.drone.manager.Service.DroneServiceTest$droneCreationTests" time="0.009"/>
  <testcase name="getAllAvailableDrones" classname="com.musala.drone.manager.Service.DroneServiceTest$AllFetchQueries" time="0.013"/>
  <testcase name="getDroneBatteryLevelTests{String, String, String, String}[1]" classname="com.musala.drone.manager.Service.DroneServiceTest$AllFetchQueries" time="0.011"/>
  <testcase name="getDroneBatteryLevelTests{String, String, String, String}[2]" classname="com.musala.drone.manager.Service.DroneServiceTest$AllFetchQueries" time="0.017"/>
  <testcase name="getDroneBatteryLevelTests{String, String, String, String}[3]" classname="com.musala.drone.manager.Service.DroneServiceTest$AllFetchQueries" time="0.056"/>
  <testcase name="getDroneBatteryLevelTests{String, String, String, String}[4]" classname="com.musala.drone.manager.Service.DroneServiceTest$AllFetchQueries" time="0.041"/>
  <testcase name="getDroneBySerialNumberTests{String, String, String, String}[1]" classname="com.musala.drone.manager.Service.DroneServiceTest$AllFetchQueries" time="0.046"/>
  <testcase name="getDroneBySerialNumberTests{String, String, String, String}[2]" classname="com.musala.drone.manager.Service.DroneServiceTest$AllFetchQueries" time="0.032"/>
  <testcase name="getDroneBySerialNumberTests{String, String, String, String}[3]" classname="com.musala.drone.manager.Service.DroneServiceTest$AllFetchQueries" time="0.049"/>
  <testcase name="getDroneBySerialNumberTests{String, String, String, String}[4]" classname="com.musala.drone.manager.Service.DroneServiceTest$AllFetchQueries" time="0.121"/>
  <testcase name="getAllDrones" classname="com.musala.drone.manager.Service.DroneServiceTest$AllFetchQueries" time="0.248"/>
  <testcase name="getDroneByIdTests{String, String, String, String}[1]" classname="com.musala.drone.manager.Service.DroneServiceTest$AllFetchQueries" time="0.134"/>
  <testcase name="getDroneByIdTests{String, String, String, String}[2]" classname="com.musala.drone.manager.Service.DroneServiceTest$AllFetchQueries" time="0.057"/>
  <testcase name="getDroneByIdTests{String, String, String, String}[3]" classname="com.musala.drone.manager.Service.DroneServiceTest$AllFetchQueries" time="0.067"/>
  <testcase name="getDroneByIdTests{String, String, String, String}[4]" classname="com.musala.drone.manager.Service.DroneServiceTest$AllFetchQueries" time="0.052"/>
</testsuite>